\BOOKMARK [0][-]{section*.1}{前言}{}% 1
\BOOKMARK [0][-]{section*.3}{目录}{}% 2
\BOOKMARK [-1][-]{part.1}{I python3基础}{}% 3
\BOOKMARK [0][-]{chapter.1}{beginning}{part.1}% 4
\BOOKMARK [1][-]{section.1.1}{python简介}{chapter.1}% 5
\BOOKMARK [1][-]{section.1.2}{进入python的REPL环境}{chapter.1}% 6
\BOOKMARK [1][-]{section.1.3}{python3命令行用法}{chapter.1}% 7
\BOOKMARK [2][-]{subsection.1.3.1}{python执行脚本参数的传递}{section.1.3}% 8
\BOOKMARK [1][-]{section.1.4}{geany的相关配置}{chapter.1}% 9
\BOOKMARK [1][-]{section.1.5}{代码注释}{chapter.1}% 10
\BOOKMARK [1][-]{section.1.6}{Unicode码支持}{chapter.1}% 11
\BOOKMARK [1][-]{section.1.7}{代码多行表示一行}{chapter.1}% 12
\BOOKMARK [2][-]{subsection.1.7.1}{一行表示多行}{section.1.7}% 13
\BOOKMARK [1][-]{section.1.8}{输入和输出}{chapter.1}% 14
\BOOKMARK [2][-]{subsection.1.8.1}{最基本的input和print命令}{section.1.8}% 15
\BOOKMARK [0][-]{chapter.2}{程序中的逻辑}{part.1}% 16
\BOOKMARK [1][-]{section.2.1}{条件语句}{chapter.2}% 17
\BOOKMARK [2][-]{subsection.2.1.1}{逻辑与或否}{section.2.1}% 18
\BOOKMARK [2][-]{subsection.2.1.2}{其他逻辑小知识}{section.2.1}% 19
\BOOKMARK [2][-]{subsection.2.1.3}{try语句捕捉错误}{section.2.1}% 20
\BOOKMARK [1][-]{section.2.2}{迭代语句}{chapter.2}% 21
\BOOKMARK [2][-]{subsection.2.2.1}{range函数}{section.2.2}% 22
\BOOKMARK [1][-]{section.2.3}{循环语句}{chapter.2}% 23
\BOOKMARK [2][-]{subsection.2.3.1}{break命令}{section.2.3}% 24
\BOOKMARK [2][-]{subsection.2.3.2}{continue命令}{section.2.3}% 25
\BOOKMARK [2][-]{subsection.2.3.3}{循环结构中的else命令}{section.2.3}% 26
\BOOKMARK [2][-]{subsection.2.3.4}{pass命令}{section.2.3}% 27
\BOOKMARK [0][-]{chapter.3}{程序中的操作对象}{part.1}% 28
\BOOKMARK [1][-]{section.3.1}{对象同时赋值}{chapter.3}% 29
\BOOKMARK [2][-]{subsection.3.1.1}{平行赋值}{section.3.1}% 30
\BOOKMARK [2][-]{subsection.3.1.2}{同时赋相同的值}{section.3.1}% 31
\BOOKMARK [1][-]{section.3.2}{数值}{chapter.3}% 32
\BOOKMARK [2][-]{subsection.3.2.1}{数学幂方运算}{section.3.2}% 33
\BOOKMARK [2][-]{subsection.3.2.2}{相除取整}{section.3.2}% 34
\BOOKMARK [2][-]{subsection.3.2.3}{复数}{section.3.2}% 35
\BOOKMARK [2][-]{subsection.3.2.4}{abs函数}{section.3.2}% 36
\BOOKMARK [2][-]{subsection.3.2.5}{math宏包}{section.3.2}% 37
\BOOKMARK [2][-]{subsection.3.2.6}{random宏包}{section.3.2}% 38
\BOOKMARK [1][-]{section.3.3}{序列}{chapter.3}% 39
\BOOKMARK [2][-]{subsection.3.3.1}{len函数}{section.3.3}% 40
\BOOKMARK [2][-]{subsection.3.3.2}{调出某个值}{section.3.3}% 41
\BOOKMARK [2][-]{subsection.3.3.3}{序列的可更改性}{section.3.3}% 42
\BOOKMARK [2][-]{subsection.3.3.4}{序列的加法和减法}{section.3.3}% 43
\BOOKMARK [1][-]{section.3.4}{字符串}{chapter.3}% 44
\BOOKMARK [2][-]{subsection.3.4.1}{三单引号和三双引号}{section.3.4}% 45
\BOOKMARK [2][-]{subsection.3.4.2}{find方法}{section.3.4}% 46
\BOOKMARK [2][-]{subsection.3.4.3}{replace方法}{section.3.4}% 47
\BOOKMARK [1][-]{section.3.5}{列表}{chapter.3}% 48
\BOOKMARK [2][-]{subsection.3.5.1}{列表的插入操作}{section.3.5}% 49
\BOOKMARK [2][-]{subsection.3.5.2}{append方法}{section.3.5}% 50
\BOOKMARK [2][-]{subsection.3.5.3}{reverse方法}{section.3.5}% 51
\BOOKMARK [2][-]{subsection.3.5.4}{remove方法}{section.3.5}% 52
\BOOKMARK [2][-]{subsection.3.5.5}{index方法}{section.3.5}% 53
\BOOKMARK [2][-]{subsection.3.5.6}{列表元素的替换}{section.3.5}% 54
\BOOKMARK [2][-]{subsection.3.5.7}{让某个函数依次作用于列表中的元素}{section.3.5}% 55
\BOOKMARK [2][-]{subsection.3.5.8}{count方法}{section.3.5}% 56
\BOOKMARK [2][-]{subsection.3.5.9}{for语句的进阶}{section.3.5}% 57
\BOOKMARK [1][-]{section.3.6}{元组}{chapter.3}% 58
\BOOKMARK [1][-]{section.3.7}{字典}{chapter.3}% 59
\BOOKMARK [1][-]{section.3.8}{文件}{chapter.3}% 60
\BOOKMARK [1][-]{section.3.9}{集合}{chapter.3}% 61
\BOOKMARK [1][-]{section.3.10}{其他内置对象}{chapter.3}% 62
\BOOKMARK [0][-]{chapter.4}{操作或者函数}{part.1}% 63
\BOOKMARK [1][-]{section.4.1}{自定义函数}{chapter.4}% 64
\BOOKMARK [1][-]{section.4.2}{参数和默认参数}{chapter.4}% 65
\BOOKMARK [1][-]{section.4.3}{递归函式}{chapter.4}% 66
\BOOKMARK [1][-]{section.4.4}{lambda函式}{chapter.4}% 67
\BOOKMARK [0][-]{chapter.5}{模块}{part.1}% 68
\BOOKMARK [1][-]{section.5.1}{自建宏包搜索路径管理}{chapter.5}% 69
\BOOKMARK [1][-]{section.5.2}{导入模块内的变量或者函数}{chapter.5}% 70
