\BOOKMARK [0][-]{section*.1}{前言}{}% 1
\BOOKMARK [0][-]{section*.3}{目录}{}% 2
\BOOKMARK [0][-]{chapter.1}{刚开始}{}% 3
\BOOKMARK [1][-]{section.1.1}{安装pyqt4}{chapter.1}% 4
\BOOKMARK [1][-]{section.1.2}{pyqt4模块简介}{chapter.1}% 5
\BOOKMARK [0][-]{chapter.2}{第一个例子}{}% 6
\BOOKMARK [1][-]{section.2.1}{窗口}{chapter.2}% 7
\BOOKMARK [1][-]{section.2.2}{加上图标}{chapter.2}% 8
\BOOKMARK [1][-]{section.2.3}{弹出提示信息}{chapter.2}% 9
\BOOKMARK [1][-]{section.2.4}{关闭窗体时询问}{chapter.2}% 10
\BOOKMARK [1][-]{section.2.5}{屏幕居中显示窗体}{chapter.2}% 11
\BOOKMARK [1][-]{section.2.6}{QMainWindow类}{chapter.2}% 12
\BOOKMARK [1][-]{section.2.7}{加上状态栏}{chapter.2}% 13
\BOOKMARK [1][-]{section.2.8}{加上菜单栏}{chapter.2}% 14
\BOOKMARK [2][-]{subsection.2.8.1}{加上动作}{section.2.8}% 15
\BOOKMARK [2][-]{subsection.2.8.2}{事件和信号}{section.2.8}% 16
\BOOKMARK [0][-]{chapter.3}{布局设计}{}% 17
\BOOKMARK [0][-]{chapter.4}{pyqt4类详解}{}% 18
\BOOKMARK [1][-]{section.4.1}{QWidget类}{chapter.4}% 19
\BOOKMARK [2][-]{subsection.4.1.1}{构造函数}{section.4.1}% 20
\BOOKMARK [2][-]{subsection.4.1.2}{激活窗口}{section.4.1}% 21
\BOOKMARK [2][-]{subsection.4.1.3}{调整窗口大小}{section.4.1}% 22
\BOOKMARK [2][-]{subsection.4.1.4}{设置图标}{section.4.1}% 23
\BOOKMARK [2][-]{subsection.4.1.5}{设置窗口标题}{section.4.1}% 24
\BOOKMARK [2][-]{subsection.4.1.6}{show方法}{section.4.1}% 25
\BOOKMARK [2][-]{subsection.4.1.7}{设置提示词}{section.4.1}% 26
\BOOKMARK [2][-]{subsection.4.1.8}{closeEvent方法}{section.4.1}% 27
\BOOKMARK [1][-]{section.4.2}{QIcon类}{chapter.4}% 28
\BOOKMARK [2][-]{subsection.4.2.1}{构造函数}{section.4.2}% 29
\BOOKMARK [1][-]{section.4.3}{QPushButton类}{chapter.4}% 30
\BOOKMARK [2][-]{subsection.4.3.1}{构造函数}{section.4.3}% 31
\BOOKMARK [1][-]{section.4.4}{QFileDialog}{chapter.4}% 32
\BOOKMARK [2][-]{subsection.4.4.1}{静态方法}{section.4.4}% 33
\BOOKMARK [1][-]{section.4.5}{QColorDialog类}{chapter.4}% 34
\BOOKMARK [2][-]{subsection.4.5.1}{静态方法}{section.4.5}% 35
\BOOKMARK [1][-]{section.4.6}{QFontDialog类}{chapter.4}% 36
\BOOKMARK [2][-]{subsection.4.6.1}{静态方法}{section.4.6}% 37
\BOOKMARK [1][-]{section.4.7}{QMessageBox类}{chapter.4}% 38
\BOOKMARK [2][-]{subsection.4.7.1}{静态方法}{section.4.7}% 39
\BOOKMARK [1][-]{section.4.8}{QMainWindow类}{chapter.4}% 40
\BOOKMARK [1][-]{section.4.9}{QDialog类}{chapter.4}% 41
\BOOKMARK [0][-]{chapter.5}{pyqt4实例}{}% 42
\BOOKMARK [1][-]{section.5.1}{按钮打印你好}{chapter.5}% 43
\BOOKMARK [1][-]{section.5.2}{文件对话框}{chapter.5}% 44
\BOOKMARK [1][-]{section.5.3}{更多的按钮更多的对话框}{chapter.5}% 45
